[Sun May 05 03:19:12.932791 2013] [mpm_winnt:notice] [pid 6016:tid 792] AH00455: Apache/2.4.3 (Win32) OpenSSL/1.0.1c PHP/5.4.0 configured -- resuming normal operations
[Sun May 05 03:19:12.932791 2013] [mpm_winnt:notice] [pid 6016:tid 792] AH00456: Server built: Aug 18 2012 12:41:37
[Sun May 05 03:19:12.932791 2013] [core:notice] [pid 6016:tid 792] AH00094: Command line: 'C:\\BitNami\\WAMPST~1\\apache2\\bin\\httpd.exe -d C:/BitNami/wampstack/apache2 -f C:\\BitNami\\WAMPST~1\\apache2\\conf\\httpd.conf'
[Sun May 05 03:19:12.952792 2013] [mpm_winnt:notice] [pid 6016:tid 792] AH00418: Parent: Created child process 2752
[Sun May 05 03:19:15.449935 2013] [mpm_winnt:notice] [pid 2752:tid 676] AH00354: Child: Starting 64 worker threads.
[Sun May 05 17:08:02.047133 2013] [mpm_winnt:notice] [pid 6016:tid 792] AH00422: Parent: Received shutdown signal -- Shutting down the server.
[Sun May 05 17:08:04.327264 2013] [mpm_winnt:notice] [pid 2752:tid 676] AH00364: Child: All worker threads have exited.
[Sun May 05 17:08:10.339608 2013] [mpm_winnt:notice] [pid 6016:tid 792] AH00430: Parent: Child process exited successfully.
[Sun May 05 17:08:16.605966 2013] [mpm_winnt:notice] [pid 5252:tid 792] AH00455: Apache/2.4.3 (Win32) OpenSSL/1.0.1c PHP/5.4.0 configured -- resuming normal operations
[Sun May 05 17:08:16.605966 2013] [mpm_winnt:notice] [pid 5252:tid 792] AH00456: Server built: Aug 18 2012 12:41:37
[Sun May 05 17:08:16.605966 2013] [core:notice] [pid 5252:tid 792] AH00094: Command line: 'C:\\BitNami\\WAMPST~1\\apache2\\bin\\httpd.exe -d C:/BitNami/wampstack/apache2 -f C:\\BitNami\\WAMPST~1\\apache2\\conf\\httpd.conf'
[Sun May 05 17:08:16.614967 2013] [mpm_winnt:notice] [pid 5252:tid 792] AH00418: Parent: Created child process 3268
[Sun May 05 17:08:19.132111 2013] [mpm_winnt:notice] [pid 3268:tid 676] AH00354: Child: Starting 64 worker threads.
[Sun May 05 17:58:26.806048 2013] [core:warn] [pid 2320:tid 600] AH00098: pid file C:/BitNami/wampstack/apache2/logs/httpd.pid overwritten -- Unclean shutdown of previous Apache run?
[Sun May 05 17:58:27.601650 2013] [mpm_winnt:notice] [pid 2320:tid 600] AH00455: Apache/2.4.3 (Win32) OpenSSL/1.0.1c PHP/5.4.0 configured -- resuming normal operations
[Sun May 05 17:58:27.601650 2013] [mpm_winnt:notice] [pid 2320:tid 600] AH00456: Server built: Aug 18 2012 12:41:37
[Sun May 05 17:58:27.601650 2013] [core:notice] [pid 2320:tid 600] AH00094: Command line: 'C:\\BitNami\\WAMPST~1\\apache2\\bin\\httpd.exe -d C:/BitNami/wampstack/apache2 -f C:\\BitNami\\WAMPST~1\\apache2\\conf\\httpd.conf'
[Sun May 05 17:58:27.617250 2013] [mpm_winnt:notice] [pid 2320:tid 600] AH00418: Parent: Created child process 2852
[Sun May 05 17:58:30.269254 2013] [mpm_winnt:notice] [pid 2852:tid 484] AH00354: Child: Starting 64 worker threads.
[Sun May 05 18:53:20.489808 2013] [mpm_winnt:notice] [pid 2320:tid 600] AH00422: Parent: Received shutdown signal -- Shutting down the server.
[Sun May 05 18:53:22.517811 2013] [mpm_winnt:notice] [pid 2852:tid 484] AH00364: Child: All worker threads have exited.
[Sun May 05 18:55:40.330448 2013] [core:warn] [pid 1732:tid 600] AH00098: pid file C:/BitNami/wampstack/apache2/logs/httpd.pid overwritten -- Unclean shutdown of previous Apache run?
[Sun May 05 18:55:41.344450 2013] [mpm_winnt:notice] [pid 1732:tid 600] AH00455: Apache/2.4.3 (Win32) OpenSSL/1.0.1c PHP/5.4.0 configured -- resuming normal operations
[Sun May 05 18:55:41.344450 2013] [mpm_winnt:notice] [pid 1732:tid 600] AH00456: Server built: Aug 18 2012 12:41:37
[Sun May 05 18:55:41.344450 2013] [core:notice] [pid 1732:tid 600] AH00094: Command line: 'C:\\BitNami\\WAMPST~1\\apache2\\bin\\httpd.exe -d C:/BitNami/wampstack/apache2 -f C:\\BitNami\\WAMPST~1\\apache2\\conf\\httpd.conf'
[Sun May 05 18:55:41.422450 2013] [mpm_winnt:notice] [pid 1732:tid 600] AH00418: Parent: Created child process 3036
[Sun May 05 18:55:44.433255 2013] [mpm_winnt:notice] [pid 3036:tid 484] AH00354: Child: Starting 64 worker threads.
[Sun May 05 19:08:37.182445 2013] [core:warn] [pid 1376:tid 600] AH00098: pid file C:/BitNami/wampstack/apache2/logs/httpd.pid overwritten -- Unclean shutdown of previous Apache run?
[Sun May 05 19:08:39.647250 2013] [mpm_winnt:notice] [pid 1376:tid 600] AH00455: Apache/2.4.3 (Win32) OpenSSL/1.0.1c PHP/5.4.0 configured -- resuming normal operations
[Sun May 05 19:08:39.647250 2013] [mpm_winnt:notice] [pid 1376:tid 600] AH00456: Server built: Aug 18 2012 12:41:37
[Sun May 05 19:08:39.647250 2013] [core:notice] [pid 1376:tid 600] AH00094: Command line: 'C:\\BitNami\\WAMPST~1\\apache2\\bin\\httpd.exe -d C:/BitNami/wampstack/apache2 -f C:\\BitNami\\WAMPST~1\\apache2\\conf\\httpd.conf'
[Sun May 05 19:08:39.725250 2013] [mpm_winnt:notice] [pid 1376:tid 600] AH00418: Parent: Created child process 3020
[Sun May 05 19:08:42.252454 2013] [mpm_winnt:notice] [pid 3020:tid 484] AH00354: Child: Starting 64 worker threads.
[Sun May 05 19:24:35.832046 2013] [core:warn] [pid 1364:tid 600] AH00098: pid file C:/BitNami/wampstack/apache2/logs/httpd.pid overwritten -- Unclean shutdown of previous Apache run?
[Sun May 05 19:24:36.892848 2013] [mpm_winnt:notice] [pid 1364:tid 600] AH00455: Apache/2.4.3 (Win32) OpenSSL/1.0.1c PHP/5.4.0 configured -- resuming normal operations
[Sun May 05 19:24:36.892848 2013] [mpm_winnt:notice] [pid 1364:tid 600] AH00456: Server built: Aug 18 2012 12:41:37
[Sun May 05 19:24:36.892848 2013] [core:notice] [pid 1364:tid 600] AH00094: Command line: 'C:\\BitNami\\WAMPST~1\\apache2\\bin\\httpd.exe -d C:/BitNami/wampstack/apache2 -f C:\\BitNami\\WAMPST~1\\apache2\\conf\\httpd.conf'
[Sun May 05 19:24:36.970848 2013] [mpm_winnt:notice] [pid 1364:tid 600] AH00418: Parent: Created child process 3028
[Sun May 05 19:24:40.059654 2013] [mpm_winnt:notice] [pid 3028:tid 484] AH00354: Child: Starting 64 worker threads.
[Sun May 05 21:40:48.701248 2013] [core:warn] [pid 2312:tid 600] AH00098: pid file C:/BitNami/wampstack/apache2/logs/httpd.pid overwritten -- Unclean shutdown of previous Apache run?
[Sun May 05 21:40:49.715250 2013] [mpm_winnt:notice] [pid 2312:tid 600] AH00455: Apache/2.4.3 (Win32) OpenSSL/1.0.1c PHP/5.4.0 configured -- resuming normal operations
[Sun May 05 21:40:49.715250 2013] [mpm_winnt:notice] [pid 2312:tid 600] AH00456: Server built: Aug 18 2012 12:41:37
[Sun May 05 21:40:49.715250 2013] [core:notice] [pid 2312:tid 600] AH00094: Command line: 'C:\\BitNami\\WAMPST~1\\apache2\\bin\\httpd.exe -d C:/BitNami/wampstack/apache2 -f C:\\BitNami\\WAMPST~1\\apache2\\conf\\httpd.conf'
[Sun May 05 21:40:49.715250 2013] [mpm_winnt:notice] [pid 2312:tid 600] AH00418: Parent: Created child process 3164
[Sun May 05 21:40:52.273655 2013] [mpm_winnt:notice] [pid 3164:tid 484] AH00354: Child: Starting 64 worker threads.
[Mon May 06 08:34:50.661770 2013] [mpm_winnt:notice] [pid 2312:tid 600] AH00422: Parent: Received shutdown signal -- Shutting down the server.
[Mon May 06 08:34:53.079908 2013] [mpm_winnt:notice] [pid 3164:tid 484] AH00364: Child: All worker threads have exited.
[Mon May 06 08:34:56.925128 2013] [mpm_winnt:notice] [pid 2312:tid 600] AH00430: Parent: Child process exited successfully.
[Mon May 06 19:06:20.295650 2013] [mpm_winnt:notice] [pid 1012:tid 600] AH00455: Apache/2.4.3 (Win32) OpenSSL/1.0.1c PHP/5.4.0 configured -- resuming normal operations
[Mon May 06 19:06:20.326850 2013] [mpm_winnt:notice] [pid 1012:tid 600] AH00456: Server built: Aug 18 2012 12:41:37
[Mon May 06 19:06:20.326850 2013] [core:notice] [pid 1012:tid 600] AH00094: Command line: 'C:\\BitNami\\WAMPST~1\\apache2\\bin\\httpd.exe -d C:/BitNami/wampstack/apache2 -f C:\\BitNami\\WAMPST~1\\apache2\\conf\\httpd.conf'
[Mon May 06 19:06:20.326850 2013] [mpm_winnt:notice] [pid 1012:tid 600] AH00418: Parent: Created child process 2884
[Mon May 06 19:06:22.666854 2013] [mpm_winnt:notice] [pid 2884:tid 484] AH00354: Child: Starting 64 worker threads.
[Mon May 06 19:07:44.644998 2013] [mpm_winnt:notice] [pid 1012:tid 600] AH00422: Parent: Received shutdown signal -- Shutting down the server.
[Mon May 06 19:07:46.673001 2013] [mpm_winnt:notice] [pid 2884:tid 484] AH00364: Child: All worker threads have exited.
[Mon May 06 19:07:46.735401 2013] [mpm_winnt:notice] [pid 1012:tid 600] AH00430: Parent: Child process exited successfully.
[Mon May 06 22:10:37.944449 2013] [mpm_winnt:notice] [pid 2416:tid 600] AH00455: Apache/2.4.3 (Win32) OpenSSL/1.0.1c PHP/5.4.0 configured -- resuming normal operations
[Mon May 06 22:10:37.960049 2013] [mpm_winnt:notice] [pid 2416:tid 600] AH00456: Server built: Aug 18 2012 12:41:37
[Mon May 06 22:10:37.960049 2013] [core:notice] [pid 2416:tid 600] AH00094: Command line: 'C:\\BitNami\\WAMPST~1\\apache2\\bin\\httpd.exe -d C:/BitNami/wampstack/apache2 -f C:\\BitNami\\WAMPST~1\\apache2\\conf\\httpd.conf'
[Mon May 06 22:10:37.960049 2013] [mpm_winnt:notice] [pid 2416:tid 600] AH00418: Parent: Created child process 2936
[Mon May 06 22:10:40.346854 2013] [mpm_winnt:notice] [pid 2936:tid 484] AH00354: Child: Starting 64 worker threads.
[Tue May 07 10:19:08.774466 2013] [core:warn] [pid 1712:tid 600] AH00098: pid file C:/BitNami/wampstack/apache2/logs/httpd.pid overwritten -- Unclean shutdown of previous Apache run?
[Tue May 07 10:19:12.112872 2013] [mpm_winnt:notice] [pid 1712:tid 600] AH00455: Apache/2.4.3 (Win32) OpenSSL/1.0.1c PHP/5.4.0 configured -- resuming normal operations
[Tue May 07 10:19:12.128472 2013] [mpm_winnt:notice] [pid 1712:tid 600] AH00456: Server built: Aug 18 2012 12:41:37
[Tue May 07 10:19:12.128472 2013] [core:notice] [pid 1712:tid 600] AH00094: Command line: 'C:\\BitNami\\WAMPST~1\\apache2\\bin\\httpd.exe -d C:/BitNami/wampstack/apache2 -f C:\\BitNami\\WAMPST~1\\apache2\\conf\\httpd.conf'
[Tue May 07 10:19:12.315672 2013] [mpm_winnt:notice] [pid 1712:tid 600] AH00418: Parent: Created child process 3700
[Tue May 07 10:19:15.373677 2013] [mpm_winnt:notice] [pid 3700:tid 680] AH00354: Child: Starting 64 worker threads.
[Tue May 07 15:23:14.151792 2013] [mpm_winnt:notice] [pid 1712:tid 600] AH00422: Parent: Received shutdown signal -- Shutting down the server.
[Tue May 07 15:23:17.380998 2013] [mpm_winnt:notice] [pid 3700:tid 680] AH00364: Child: All worker threads have exited.
[Tue May 07 15:23:32.107424 2013] [mpm_winnt:notice] [pid 1712:tid 600] AH00430: Parent: Child process exited successfully.
[Tue May 07 16:45:13.401249 2013] [mpm_winnt:notice] [pid 1384:tid 600] AH00455: Apache/2.4.3 (Win32) OpenSSL/1.0.1c PHP/5.4.0 configured -- resuming normal operations
[Tue May 07 16:45:13.416849 2013] [mpm_winnt:notice] [pid 1384:tid 600] AH00456: Server built: Aug 18 2012 12:41:37
[Tue May 07 16:45:13.416849 2013] [core:notice] [pid 1384:tid 600] AH00094: Command line: 'C:\\BitNami\\WAMPST~1\\apache2\\bin\\httpd.exe -d C:/BitNami/wampstack/apache2 -f C:\\BitNami\\WAMPST~1\\apache2\\conf\\httpd.conf'
[Tue May 07 16:45:13.463649 2013] [mpm_winnt:notice] [pid 1384:tid 600] AH00418: Parent: Created child process 3028
[Tue May 07 16:45:16.115653 2013] [mpm_winnt:notice] [pid 3028:tid 484] AH00354: Child: Starting 64 worker threads.
[Tue May 07 18:22:54.529349 2013] [mpm_winnt:notice] [pid 1384:tid 600] AH00422: Parent: Received shutdown signal -- Shutting down the server.
[Tue May 07 18:22:58.866157 2013] [mpm_winnt:notice] [pid 3028:tid 484] AH00364: Child: All worker threads have exited.
[Tue May 07 18:23:09.910976 2013] [mpm_winnt:notice] [pid 1384:tid 600] AH00430: Parent: Child process exited successfully.
[Tue May 07 21:50:29.794051 2013] [mpm_winnt:notice] [pid 1376:tid 600] AH00455: Apache/2.4.3 (Win32) OpenSSL/1.0.1c PHP/5.4.0 configured -- resuming normal operations
[Tue May 07 21:50:29.809651 2013] [mpm_winnt:notice] [pid 1376:tid 600] AH00456: Server built: Aug 18 2012 12:41:37
[Tue May 07 21:50:29.809651 2013] [core:notice] [pid 1376:tid 600] AH00094: Command line: 'C:\\BitNami\\WAMPST~1\\apache2\\bin\\httpd.exe -d C:/BitNami/wampstack/apache2 -f C:\\BitNami\\WAMPST~1\\apache2\\conf\\httpd.conf'
[Tue May 07 21:50:29.840851 2013] [mpm_winnt:notice] [pid 1376:tid 600] AH00418: Parent: Created child process 3036
[Tue May 07 21:50:33.163657 2013] [mpm_winnt:notice] [pid 3036:tid 484] AH00354: Child: Starting 64 worker threads.
[Wed May 08 06:10:57.505874 2013] [mpm_winnt:notice] [pid 1376:tid 600] AH00422: Parent: Received shutdown signal -- Shutting down the server.
[Wed May 08 06:10:59.956014 2013] [mpm_winnt:notice] [pid 3036:tid 484] AH00364: Child: All worker threads have exited.
[Wed May 08 06:11:04.731288 2013] [mpm_winnt:notice] [pid 1376:tid 600] AH00430: Parent: Child process exited successfully.
[Wed May 08 22:05:45.422855 2013] [mpm_winnt:notice] [pid 2016:tid 600] AH00455: Apache/2.4.3 (Win32) OpenSSL/1.0.1c PHP/5.4.0 configured -- resuming normal operations
[Wed May 08 22:05:45.469655 2013] [mpm_winnt:notice] [pid 2016:tid 600] AH00456: Server built: Aug 18 2012 12:41:37
[Wed May 08 22:05:45.469655 2013] [core:notice] [pid 2016:tid 600] AH00094: Command line: 'C:\\BitNami\\WAMPST~1\\apache2\\bin\\httpd.exe -d C:/BitNami/wampstack/apache2 -f C:\\BitNami\\WAMPST~1\\apache2\\conf\\httpd.conf'
[Wed May 08 22:05:45.469655 2013] [mpm_winnt:notice] [pid 2016:tid 600] AH00418: Parent: Created child process 2852
[Wed May 08 22:05:47.887659 2013] [mpm_winnt:notice] [pid 2852:tid 484] AH00354: Child: Starting 64 worker threads.
[Thu May 09 18:25:15.928586 2013] [mpm_winnt:notice] [pid 2016:tid 600] AH00422: Parent: Received shutdown signal -- Shutting down the server.
[Thu May 09 18:25:18.050190 2013] [mpm_winnt:notice] [pid 2852:tid 484] AH00364: Child: All worker threads have exited.
[Thu May 09 18:25:28.923409 2013] [mpm_winnt:notice] [pid 2016:tid 600] AH00430: Parent: Child process exited successfully.
[Thu May 09 19:05:34.901253 2013] [mpm_winnt:notice] [pid 2312:tid 600] AH00455: Apache/2.4.3 (Win32) OpenSSL/1.0.1c PHP/5.4.0 configured -- resuming normal operations
[Thu May 09 19:05:34.916853 2013] [mpm_winnt:notice] [pid 2312:tid 600] AH00456: Server built: Aug 18 2012 12:41:37
[Thu May 09 19:05:34.916853 2013] [core:notice] [pid 2312:tid 600] AH00094: Command line: 'C:\\BitNami\\WAMPST~1\\apache2\\bin\\httpd.exe -d C:/BitNami/wampstack/apache2 -f C:\\BitNami\\WAMPST~1\\apache2\\conf\\httpd.conf'
[Thu May 09 19:05:34.963653 2013] [mpm_winnt:notice] [pid 2312:tid 600] AH00418: Parent: Created child process 3040
[Thu May 09 19:05:37.787258 2013] [mpm_winnt:notice] [pid 3040:tid 484] AH00354: Child: Starting 64 worker threads.
[Thu May 09 19:37:07.648976 2013] [mpm_winnt:notice] [pid 2312:tid 600] AH00422: Parent: Received shutdown signal -- Shutting down the server.
[Thu May 09 19:37:09.676980 2013] [mpm_winnt:notice] [pid 3040:tid 484] AH00364: Child: All worker threads have exited.
[Thu May 09 19:37:09.739380 2013] [mpm_winnt:notice] [pid 2312:tid 600] AH00430: Parent: Child process exited successfully.
[Thu May 09 20:05:00.121648 2013] [mpm_winnt:notice] [pid 2264:tid 600] AH00455: Apache/2.4.3 (Win32) OpenSSL/1.0.1c PHP/5.4.0 configured -- resuming normal operations
[Thu May 09 20:05:00.121648 2013] [mpm_winnt:notice] [pid 2264:tid 600] AH00456: Server built: Aug 18 2012 12:41:37
[Thu May 09 20:05:00.121648 2013] [core:notice] [pid 2264:tid 600] AH00094: Command line: 'C:\\BitNami\\WAMPST~1\\apache2\\bin\\httpd.exe -d C:/BitNami/wampstack/apache2 -f C:\\BitNami\\WAMPST~1\\apache2\\conf\\httpd.conf'
[Thu May 09 20:05:00.184048 2013] [mpm_winnt:notice] [pid 2264:tid 600] AH00418: Parent: Created child process 3052
[Thu May 09 20:05:03.007653 2013] [mpm_winnt:notice] [pid 3052:tid 484] AH00354: Child: Starting 64 worker threads.
[Thu May 09 20:11:11.432447 2013] [core:warn] [pid 2256:tid 600] AH00098: pid file C:/BitNami/wampstack/apache2/logs/httpd.pid overwritten -- Unclean shutdown of previous Apache run?
[Thu May 09 20:11:13.897251 2013] [mpm_winnt:notice] [pid 2256:tid 600] AH00455: Apache/2.4.3 (Win32) OpenSSL/1.0.1c PHP/5.4.0 configured -- resuming normal operations
[Thu May 09 20:11:13.897251 2013] [mpm_winnt:notice] [pid 2256:tid 600] AH00456: Server built: Aug 18 2012 12:41:37
[Thu May 09 20:11:13.897251 2013] [core:notice] [pid 2256:tid 600] AH00094: Command line: 'C:\\BitNami\\WAMPST~1\\apache2\\bin\\httpd.exe -d C:/BitNami/wampstack/apache2 -f C:\\BitNami\\WAMPST~1\\apache2\\conf\\httpd.conf'
[Thu May 09 20:11:14.115651 2013] [mpm_winnt:notice] [pid 2256:tid 600] AH00418: Parent: Created child process 3020
[Thu May 09 20:11:19.045260 2013] [mpm_winnt:notice] [pid 3020:tid 484] AH00354: Child: Starting 64 worker threads.
[Thu May 09 20:59:48.169963 2013] [mpm_winnt:notice] [pid 2256:tid 600] AH00422: Parent: Received shutdown signal -- Shutting down the server.
[Thu May 09 20:59:50.197967 2013] [mpm_winnt:notice] [pid 3020:tid 484] AH00364: Child: All worker threads have exited.
[Thu May 09 20:59:50.244767 2013] [mpm_winnt:notice] [pid 2256:tid 600] AH00430: Parent: Child process exited successfully.
[Thu May 09 21:52:38.695648 2013] [mpm_winnt:notice] [pid 2072:tid 600] AH00455: Apache/2.4.3 (Win32) OpenSSL/1.0.1c PHP/5.4.0 configured -- resuming normal operations
[Thu May 09 21:52:38.695648 2013] [mpm_winnt:notice] [pid 2072:tid 600] AH00456: Server built: Aug 18 2012 12:41:37
[Thu May 09 21:52:38.695648 2013] [core:notice] [pid 2072:tid 600] AH00094: Command line: 'C:\\BitNami\\WAMPST~1\\apache2\\bin\\httpd.exe -d C:/BitNami/wampstack/apache2 -f C:\\BitNami\\WAMPST~1\\apache2\\conf\\httpd.conf'
[Thu May 09 21:52:38.711248 2013] [mpm_winnt:notice] [pid 2072:tid 600] AH00418: Parent: Created child process 2992
[Thu May 09 21:52:41.300853 2013] [mpm_winnt:notice] [pid 2992:tid 484] AH00354: Child: Starting 64 worker threads.
[Thu May 09 22:02:58.245250 2013] [core:warn] [pid 2348:tid 600] AH00098: pid file C:/BitNami/wampstack/apache2/logs/httpd.pid overwritten -- Unclean shutdown of previous Apache run?
[Thu May 09 22:03:00.741254 2013] [mpm_winnt:notice] [pid 2348:tid 600] AH00455: Apache/2.4.3 (Win32) OpenSSL/1.0.1c PHP/5.4.0 configured -- resuming normal operations
[Thu May 09 22:03:00.741254 2013] [mpm_winnt:notice] [pid 2348:tid 600] AH00456: Server built: Aug 18 2012 12:41:37
[Thu May 09 22:03:00.741254 2013] [core:notice] [pid 2348:tid 600] AH00094: Command line: 'C:\\BitNami\\WAMPST~1\\apache2\\bin\\httpd.exe -d C:/BitNami/wampstack/apache2 -f C:\\BitNami\\WAMPST~1\\apache2\\conf\\httpd.conf'
[Thu May 09 22:03:00.850455 2013] [mpm_winnt:notice] [pid 2348:tid 600] AH00418: Parent: Created child process 3056
[Thu May 09 22:03:06.076464 2013] [mpm_winnt:notice] [pid 3056:tid 484] AH00354: Child: Starting 64 worker threads.
[Fri May 10 18:32:53.009289 2013] [mpm_winnt:notice] [pid 2348:tid 600] AH00422: Parent: Received shutdown signal -- Shutting down the server.
[Fri May 10 18:32:57.299296 2013] [mpm_winnt:notice] [pid 3056:tid 484] AH00364: Child: All worker threads have exited.
[Fri May 10 18:33:16.112929 2013] [mpm_winnt:notice] [pid 2348:tid 600] AH00430: Parent: Child process exited successfully.
[Fri May 10 18:54:01.000450 2013] [mpm_winnt:notice] [pid 2056:tid 600] AH00455: Apache/2.4.3 (Win32) OpenSSL/1.0.1c PHP/5.4.0 configured -- resuming normal operations
[Fri May 10 18:54:01.031650 2013] [mpm_winnt:notice] [pid 2056:tid 600] AH00456: Server built: Aug 18 2012 12:41:37
[Fri May 10 18:54:01.031650 2013] [core:notice] [pid 2056:tid 600] AH00094: Command line: 'C:\\BitNami\\WAMPST~1\\apache2\\bin\\httpd.exe -d C:/BitNami/wampstack/apache2 -f C:\\BitNami\\WAMPST~1\\apache2\\conf\\httpd.conf'
[Fri May 10 18:54:01.031650 2013] [mpm_winnt:notice] [pid 2056:tid 600] AH00418: Parent: Created child process 2932
[Fri May 10 18:54:03.668055 2013] [mpm_winnt:notice] [pid 2932:tid 484] AH00354: Child: Starting 64 worker threads.
[Fri May 10 21:15:56.554380 2013] [mpm_winnt:notice] [pid 2056:tid 600] AH00422: Parent: Received shutdown signal -- Shutting down the server.
[Fri May 10 21:16:01.951990 2013] [mpm_winnt:notice] [pid 2932:tid 484] AH00364: Child: All worker threads have exited.
[Fri May 10 21:43:04.640044 2013] [core:warn] [pid 1760:tid 600] AH00098: pid file C:/BitNami/wampstack/apache2/logs/httpd.pid overwritten -- Unclean shutdown of previous Apache run?
[Fri May 10 21:43:06.346847 2013] [mpm_winnt:notice] [pid 1760:tid 600] AH00455: Apache/2.4.3 (Win32) OpenSSL/1.0.1c PHP/5.4.0 configured -- resuming normal operations
[Fri May 10 21:43:06.346847 2013] [mpm_winnt:notice] [pid 1760:tid 600] AH00456: Server built: Aug 18 2012 12:41:37
[Fri May 10 21:43:06.346847 2013] [core:notice] [pid 1760:tid 600] AH00094: Command line: 'C:\\BitNami\\WAMPST~1\\apache2\\bin\\httpd.exe -d C:/BitNami/wampstack/apache2 -f C:\\BitNami\\WAMPST~1\\apache2\\conf\\httpd.conf'
[Fri May 10 21:43:06.643248 2013] [mpm_winnt:notice] [pid 1760:tid 600] AH00418: Parent: Created child process 2984
[Fri May 10 21:43:09.997254 2013] [mpm_winnt:notice] [pid 2984:tid 484] AH00354: Child: Starting 64 worker threads.
[Sun May 12 02:31:06.143669 2013] [mpm_winnt:notice] [pid 1760:tid 600] AH00422: Parent: Received shutdown signal -- Shutting down the server.
[Sun May 12 02:31:14.832884 2013] [mpm_winnt:notice] [pid 2984:tid 484] AH00364: Child: All worker threads have exited.
[Sun May 12 02:31:37.390524 2013] [mpm_winnt:notice] [pid 1760:tid 600] AH00431: Parent: Forcing termination of child process 320
[Sun May 12 02:32:42.798455 2013] [mpm_winnt:notice] [pid 1716:tid 600] AH00455: Apache/2.4.3 (Win32) OpenSSL/1.0.1c PHP/5.4.0 configured -- resuming normal operations
[Sun May 12 02:32:42.829655 2013] [mpm_winnt:notice] [pid 1716:tid 600] AH00456: Server built: Aug 18 2012 12:41:37
[Sun May 12 02:32:42.829655 2013] [core:notice] [pid 1716:tid 600] AH00094: Command line: 'C:\\BitNami\\WAMPST~1\\apache2\\bin\\httpd.exe -d C:/BitNami/wampstack/apache2 -f C:\\BitNami\\WAMPST~1\\apache2\\conf\\httpd.conf'
[Sun May 12 02:32:42.876455 2013] [mpm_winnt:notice] [pid 1716:tid 600] AH00418: Parent: Created child process 3040
[Sun May 12 02:32:45.637660 2013] [mpm_winnt:notice] [pid 3040:tid 484] AH00354: Child: Starting 64 worker threads.
[Sun May 12 13:07:56.274057 2013] [core:warn] [pid 2236:tid 600] AH00098: pid file C:/BitNami/wampstack/apache2/logs/httpd.pid overwritten -- Unclean shutdown of previous Apache run?
[Sun May 12 13:07:59.425263 2013] [mpm_winnt:notice] [pid 2236:tid 600] AH00455: Apache/2.4.3 (Win32) OpenSSL/1.0.1c PHP/5.4.0 configured -- resuming normal operations
[Sun May 12 13:07:59.425263 2013] [mpm_winnt:notice] [pid 2236:tid 600] AH00456: Server built: Aug 18 2012 12:41:37
[Sun May 12 13:07:59.425263 2013] [core:notice] [pid 2236:tid 600] AH00094: Command line: 'C:\\BitNami\\WAMPST~1\\apache2\\bin\\httpd.exe -d C:/BitNami/wampstack/apache2 -f C:\\BitNami\\WAMPST~1\\apache2\\conf\\httpd.conf'
[Sun May 12 13:07:59.643663 2013] [mpm_winnt:notice] [pid 2236:tid 600] AH00418: Parent: Created child process 3024
[Sun May 12 13:08:06.304875 2013] [mpm_winnt:notice] [pid 3024:tid 484] AH00354: Child: Starting 64 worker threads.
[Mon May 13 18:22:54.607916 2013] [mpm_winnt:notice] [pid 2236:tid 600] AH00422: Parent: Received shutdown signal -- Shutting down the server.
[Mon May 13 18:22:59.537525 2013] [mpm_winnt:notice] [pid 3024:tid 484] AH00364: Child: All worker threads have exited.
[Mon May 13 18:31:15.316459 2013] [core:warn] [pid 2260:tid 600] AH00098: pid file C:/BitNami/wampstack/apache2/logs/httpd.pid overwritten -- Unclean shutdown of previous Apache run?
[Mon May 13 18:31:16.377261 2013] [mpm_winnt:notice] [pid 2260:tid 600] AH00455: Apache/2.4.3 (Win32) OpenSSL/1.0.1c PHP/5.4.0 configured -- resuming normal operations
[Mon May 13 18:31:16.377261 2013] [mpm_winnt:notice] [pid 2260:tid 600] AH00456: Server built: Aug 18 2012 12:41:37
[Mon May 13 18:31:16.377261 2013] [core:notice] [pid 2260:tid 600] AH00094: Command line: 'C:\\BitNami\\WAMPST~1\\apache2\\bin\\httpd.exe -d C:/BitNami/wampstack/apache2 -f C:\\BitNami\\WAMPST~1\\apache2\\conf\\httpd.conf'
[Mon May 13 18:31:16.439661 2013] [mpm_winnt:notice] [pid 2260:tid 600] AH00418: Parent: Created child process 3052
[Mon May 13 18:31:19.824867 2013] [mpm_winnt:notice] [pid 3052:tid 484] AH00354: Child: Starting 64 worker threads.
[Mon May 13 18:39:22.763099 2013] [mpm_winnt:notice] [pid 2260:tid 600] AH00422: Parent: Received shutdown signal -- Shutting down the server.
[Mon May 13 18:39:24.791103 2013] [mpm_winnt:notice] [pid 3052:tid 484] AH00364: Child: All worker threads have exited.
[Mon May 13 20:11:34.169041 2013] [core:warn] [pid 2248:tid 600] AH00098: pid file C:/BitNami/wampstack/apache2/logs/httpd.pid overwritten -- Unclean shutdown of previous Apache run?
[Mon May 13 20:11:37.289047 2013] [mpm_winnt:notice] [pid 2248:tid 600] AH00455: Apache/2.4.3 (Win32) OpenSSL/1.0.1c PHP/5.4.0 configured -- resuming normal operations
[Mon May 13 20:11:37.289047 2013] [mpm_winnt:notice] [pid 2248:tid 600] AH00456: Server built: Aug 18 2012 12:41:37
[Mon May 13 20:11:37.289047 2013] [core:notice] [pid 2248:tid 600] AH00094: Command line: 'C:\\BitNami\\WAMPST~1\\apache2\\bin\\httpd.exe -d C:/BitNami/wampstack/apache2 -f C:\\BitNami\\WAMPST~1\\apache2\\conf\\httpd.conf'
[Mon May 13 20:11:37.320247 2013] [mpm_winnt:notice] [pid 2248:tid 600] AH00418: Parent: Created child process 2708
[Mon May 13 20:11:39.909851 2013] [mpm_winnt:notice] [pid 2708:tid 484] AH00354: Child: Starting 64 worker threads.
[Tue May 14 16:08:05.155671 2013] [mpm_winnt:notice] [pid 2248:tid 600] AH00422: Parent: Received shutdown signal -- Shutting down the server.
[Tue May 14 16:08:13.844886 2013] [mpm_winnt:notice] [pid 2708:tid 484] AH00364: Child: All worker threads have exited.
[Tue May 14 16:08:35.684925 2013] [mpm_winnt:notice] [pid 2248:tid 600] AH00430: Parent: Child process exited successfully.
[Tue May 14 16:10:28.139671 2013] [mpm_winnt:notice] [pid 1560:tid 592] AH00455: Apache/2.4.3 (Win32) OpenSSL/1.0.1c PHP/5.4.0 configured -- resuming normal operations
[Tue May 14 16:10:28.170871 2013] [mpm_winnt:notice] [pid 1560:tid 592] AH00456: Server built: Aug 18 2012 12:41:37
[Tue May 14 16:10:28.170871 2013] [core:notice] [pid 1560:tid 592] AH00094: Command line: 'C:\\BitNami\\WAMPST~1\\apache2\\bin\\httpd.exe -d C:/BitNami/wampstack/apache2 -f C:\\BitNami\\WAMPST~1\\apache2\\conf\\httpd.conf'
[Tue May 14 16:10:28.217671 2013] [mpm_winnt:notice] [pid 1560:tid 592] AH00418: Parent: Created child process 3044
[Tue May 14 16:10:31.883678 2013] [mpm_winnt:notice] [pid 3044:tid 476] AH00354: Child: Starting 64 worker threads.
[Tue May 14 16:57:37.052850 2013] [core:warn] [pid 2308:tid 592] AH00098: pid file C:/BitNami/wampstack/apache2/logs/httpd.pid overwritten -- Unclean shutdown of previous Apache run?
[Tue May 14 16:57:38.363253 2013] [mpm_winnt:notice] [pid 2308:tid 592] AH00455: Apache/2.4.3 (Win32) OpenSSL/1.0.1c PHP/5.4.0 configured -- resuming normal operations
[Tue May 14 16:57:38.363253 2013] [mpm_winnt:notice] [pid 2308:tid 592] AH00456: Server built: Aug 18 2012 12:41:37
[Tue May 14 16:57:38.363253 2013] [core:notice] [pid 2308:tid 592] AH00094: Command line: 'C:\\BitNami\\WAMPST~1\\apache2\\bin\\httpd.exe -d C:/BitNami/wampstack/apache2 -f C:\\BitNami\\WAMPST~1\\apache2\\conf\\httpd.conf'
[Tue May 14 16:57:38.378853 2013] [mpm_winnt:notice] [pid 2308:tid 592] AH00418: Parent: Created child process 2944
[Tue May 14 16:57:41.327258 2013] [mpm_winnt:notice] [pid 2944:tid 476] AH00354: Child: Starting 64 worker threads.
[Tue May 14 17:00:49.148854 2013] [core:warn] [pid 2316:tid 592] AH00098: pid file C:/BitNami/wampstack/apache2/logs/httpd.pid overwritten -- Unclean shutdown of previous Apache run?
[Tue May 14 17:00:50.584057 2013] [mpm_winnt:notice] [pid 2316:tid 592] AH00455: Apache/2.4.3 (Win32) OpenSSL/1.0.1c PHP/5.4.0 configured -- resuming normal operations
[Tue May 14 17:00:50.584057 2013] [mpm_winnt:notice] [pid 2316:tid 592] AH00456: Server built: Aug 18 2012 12:41:37
[Tue May 14 17:00:50.584057 2013] [core:notice] [pid 2316:tid 592] AH00094: Command line: 'C:\\BitNami\\WAMPST~1\\apache2\\bin\\httpd.exe -d C:/BitNami/wampstack/apache2 -f C:\\BitNami\\WAMPST~1\\apache2\\conf\\httpd.conf'
[Tue May 14 17:00:50.599657 2013] [mpm_winnt:notice] [pid 2316:tid 592] AH00418: Parent: Created child process 3204
[Tue May 14 17:00:53.672862 2013] [mpm_winnt:notice] [pid 3204:tid 476] AH00354: Child: Starting 64 worker threads.
[Tue May 14 18:04:03.612269 2013] [core:warn] [pid 2228:tid 592] AH00098: pid file C:/BitNami/wampstack/apache2/logs/httpd.pid overwritten -- Unclean shutdown of previous Apache run?
[Tue May 14 18:04:08.916279 2013] [mpm_winnt:notice] [pid 2228:tid 592] AH00455: Apache/2.4.3 (Win32) OpenSSL/1.0.1c PHP/5.4.0 configured -- resuming normal operations
[Tue May 14 18:04:08.931879 2013] [mpm_winnt:notice] [pid 2228:tid 592] AH00456: Server built: Aug 18 2012 12:41:37
[Tue May 14 18:04:08.931879 2013] [core:notice] [pid 2228:tid 592] AH00094: Command line: 'C:\\BitNami\\WAMPST~1\\apache2\\bin\\httpd.exe -d C:/BitNami/wampstack/apache2 -f C:\\BitNami\\WAMPST~1\\apache2\\conf\\httpd.conf'
[Tue May 14 18:04:08.963079 2013] [mpm_winnt:notice] [pid 2228:tid 592] AH00418: Parent: Created child process 2780
[Tue May 14 18:04:15.686691 2013] [mpm_winnt:notice] [pid 2780:tid 476] AH00354: Child: Starting 64 worker threads.
[Tue May 14 20:59:04.220938 2013] [core:warn] [pid 2672:tid 784] AH00098: pid file C:/BitNami/wampstack/apache2/logs/httpd.pid overwritten -- Unclean shutdown of previous Apache run?
[Tue May 14 20:59:25.663852 2013] [mpm_winnt:notice] [pid 2672:tid 784] AH00455: Apache/2.4.3 (Win32) OpenSSL/1.0.1c PHP/5.4.0 configured -- resuming normal operations
[Tue May 14 20:59:25.757452 2013] [mpm_winnt:notice] [pid 2672:tid 784] AH00456: Server built: Aug 18 2012 12:41:37
[Tue May 14 20:59:25.757452 2013] [core:notice] [pid 2672:tid 784] AH00094: Command line: 'C:\\BitNami\\WAMPST~1\\apache2\\bin\\httpd.exe -d C:/BitNami/wampstack/apache2 -f C:\\BitNami\\WAMPST~1\\apache2\\conf\\httpd.conf'
[Tue May 14 20:59:25.835452 2013] [mpm_winnt:notice] [pid 2672:tid 784] AH00418: Parent: Created child process 4520
[Tue May 14 20:59:29.922659 2013] [mpm_winnt:notice] [pid 4520:tid 668] AH00354: Child: Starting 64 worker threads.
[Tue May 14 23:30:30.513443 2013] [mpm_winnt:notice] [pid 2672:tid 784] AH00422: Parent: Received shutdown signal -- Shutting down the server.
[Tue May 14 23:30:33.711448 2013] [mpm_winnt:notice] [pid 4520:tid 668] AH00364: Child: All worker threads have exited.
[Tue May 14 23:31:49.322065 2013] [core:warn] [pid 2564:tid 592] AH00098: pid file C:/BitNami/wampstack/apache2/logs/httpd.pid overwritten -- Unclean shutdown of previous Apache run?
[Tue May 14 23:31:50.866468 2013] [mpm_winnt:notice] [pid 2564:tid 592] AH00455: Apache/2.4.3 (Win32) OpenSSL/1.0.1c PHP/5.4.0 configured -- resuming normal operations
[Tue May 14 23:31:50.866468 2013] [mpm_winnt:notice] [pid 2564:tid 592] AH00456: Server built: Aug 18 2012 12:41:37
[Tue May 14 23:31:50.866468 2013] [core:notice] [pid 2564:tid 592] AH00094: Command line: 'C:\\BitNami\\WAMPST~1\\apache2\\bin\\httpd.exe -d C:/BitNami/wampstack/apache2 -f C:\\BitNami\\WAMPST~1\\apache2\\conf\\httpd.conf'
[Tue May 14 23:31:50.882068 2013] [mpm_winnt:notice] [pid 2564:tid 592] AH00418: Parent: Created child process 3008
[Tue May 14 23:31:54.095673 2013] [mpm_winnt:notice] [pid 3008:tid 476] AH00354: Child: Starting 64 worker threads.
[Wed May 15 17:34:09.573382 2013] [mpm_winnt:notice] [pid 2564:tid 592] AH00422: Parent: Received shutdown signal -- Shutting down the server.
[Wed May 15 17:34:14.003790 2013] [mpm_winnt:notice] [pid 3008:tid 476] AH00364: Child: All worker threads have exited.
[Wed May 15 17:34:40.664237 2013] [mpm_winnt:notice] [pid 2564:tid 592] AH00431: Parent: Forcing termination of child process 318
[Wed May 15 17:37:12.474449 2013] [mpm_winnt:notice] [pid 2264:tid 592] AH00455: Apache/2.4.3 (Win32) OpenSSL/1.0.1c PHP/5.4.0 configured -- resuming normal operations
[Wed May 15 17:37:12.521249 2013] [mpm_winnt:notice] [pid 2264:tid 592] AH00456: Server built: Aug 18 2012 12:41:37
[Wed May 15 17:37:12.521249 2013] [core:notice] [pid 2264:tid 592] AH00094: Command line: 'C:\\BitNami\\WAMPST~1\\apache2\\bin\\httpd.exe -d C:/BitNami/wampstack/apache2 -f C:\\BitNami\\WAMPST~1\\apache2\\conf\\httpd.conf'
[Wed May 15 17:37:12.661650 2013] [mpm_winnt:notice] [pid 2264:tid 592] AH00418: Parent: Created child process 3516
[Wed May 15 17:37:16.124856 2013] [mpm_winnt:notice] [pid 3516:tid 476] AH00354: Child: Starting 64 worker threads.
[Wed May 15 19:43:58.991256 2013] [core:warn] [pid 2172:tid 592] AH00098: pid file C:/BitNami/wampstack/apache2/logs/httpd.pid overwritten -- Unclean shutdown of previous Apache run?
[Wed May 15 19:44:03.281263 2013] [mpm_winnt:notice] [pid 2172:tid 592] AH00455: Apache/2.4.3 (Win32) OpenSSL/1.0.1c PHP/5.4.0 configured -- resuming normal operations
[Wed May 15 19:44:03.281263 2013] [mpm_winnt:notice] [pid 2172:tid 592] AH00456: Server built: Aug 18 2012 12:41:37
[Wed May 15 19:44:03.281263 2013] [core:notice] [pid 2172:tid 592] AH00094: Command line: 'C:\\BitNami\\WAMPST~1\\apache2\\bin\\httpd.exe -d C:/BitNami/wampstack/apache2 -f C:\\BitNami\\WAMPST~1\\apache2\\conf\\httpd.conf'
[Wed May 15 19:44:03.343663 2013] [mpm_winnt:notice] [pid 2172:tid 592] AH00418: Parent: Created child process 3548
[Wed May 15 19:44:06.682069 2013] [mpm_winnt:notice] [pid 3548:tid 476] AH00354: Child: Starting 64 worker threads.
[Wed May 15 20:45:13.770057 2013] [core:warn] [pid 2300:tid 592] AH00098: pid file C:/BitNami/wampstack/apache2/logs/httpd.pid overwritten -- Unclean shutdown of previous Apache run?
[Wed May 15 20:45:15.142860 2013] [mpm_winnt:notice] [pid 2300:tid 592] AH00455: Apache/2.4.3 (Win32) OpenSSL/1.0.1c PHP/5.4.0 configured -- resuming normal operations
[Wed May 15 20:45:15.142860 2013] [mpm_winnt:notice] [pid 2300:tid 592] AH00456: Server built: Aug 18 2012 12:41:37
[Wed May 15 20:45:15.142860 2013] [core:notice] [pid 2300:tid 592] AH00094: Command line: 'C:\\BitNami\\WAMPST~1\\apache2\\bin\\httpd.exe -d C:/BitNami/wampstack/apache2 -f C:\\BitNami\\WAMPST~1\\apache2\\conf\\httpd.conf'
[Wed May 15 20:45:15.142860 2013] [mpm_winnt:notice] [pid 2300:tid 592] AH00418: Parent: Created child process 2740
[Wed May 15 20:45:18.153665 2013] [mpm_winnt:notice] [pid 2740:tid 476] AH00354: Child: Starting 64 worker threads.
[Wed May 15 21:52:21.455662 2013] [core:warn] [pid 2324:tid 592] AH00098: pid file C:/BitNami/wampstack/apache2/logs/httpd.pid overwritten -- Unclean shutdown of previous Apache run?
[Wed May 15 21:52:22.734864 2013] [mpm_winnt:notice] [pid 2324:tid 592] AH00455: Apache/2.4.3 (Win32) OpenSSL/1.0.1c PHP/5.4.0 configured -- resuming normal operations
[Wed May 15 21:52:22.734864 2013] [mpm_winnt:notice] [pid 2324:tid 592] AH00456: Server built: Aug 18 2012 12:41:37
[Wed May 15 21:52:22.734864 2013] [core:notice] [pid 2324:tid 592] AH00094: Command line: 'C:\\BitNami\\WAMPST~1\\apache2\\bin\\httpd.exe -d C:/BitNami/wampstack/apache2 -f C:\\BitNami\\WAMPST~1\\apache2\\conf\\httpd.conf'
[Wed May 15 21:52:22.750464 2013] [mpm_winnt:notice] [pid 2324:tid 592] AH00418: Parent: Created child process 2716
[Wed May 15 21:52:25.776869 2013] [mpm_winnt:notice] [pid 2716:tid 476] AH00354: Child: Starting 64 worker threads.
[Wed May 15 22:29:37.198209 2013] [mpm_winnt:notice] [pid 2324:tid 592] AH00422: Parent: Received shutdown signal -- Shutting down the server.
[Wed May 15 22:29:39.226213 2013] [mpm_winnt:notice] [pid 2716:tid 476] AH00364: Child: All worker threads have exited.
[Wed May 15 22:29:39.288613 2013] [mpm_winnt:notice] [pid 2324:tid 592] AH00430: Parent: Child process exited successfully.
[Wed May 15 22:30:48.044461 2013] [mpm_winnt:notice] [pid 2280:tid 592] AH00455: Apache/2.4.3 (Win32) OpenSSL/1.0.1c PHP/5.4.0 configured -- resuming normal operations
[Wed May 15 22:30:48.060061 2013] [mpm_winnt:notice] [pid 2280:tid 592] AH00456: Server built: Aug 18 2012 12:41:37
[Wed May 15 22:30:48.060061 2013] [core:notice] [pid 2280:tid 592] AH00094: Command line: 'C:\\BitNami\\WAMPST~1\\apache2\\bin\\httpd.exe -d C:/BitNami/wampstack/apache2 -f C:\\BitNami\\WAMPST~1\\apache2\\conf\\httpd.conf'
[Wed May 15 22:30:48.106861 2013] [mpm_winnt:notice] [pid 2280:tid 592] AH00418: Parent: Created child process 2596
[Wed May 15 22:30:51.320467 2013] [mpm_winnt:notice] [pid 2596:tid 476] AH00354: Child: Starting 64 worker threads.
[Thu May 16 07:57:41.341604 2013] [mpm_winnt:notice] [pid 2280:tid 592] AH00422: Parent: Received shutdown signal -- Shutting down the server.
[Thu May 16 07:57:45.007610 2013] [mpm_winnt:notice] [pid 2596:tid 476] AH00364: Child: All worker threads have exited.
[Thu May 16 10:09:51.130058 2013] [core:warn] [pid 2320:tid 592] AH00098: pid file C:/BitNami/wampstack/apache2/logs/httpd.pid overwritten -- Unclean shutdown of previous Apache run?
[Thu May 16 10:09:54.733664 2013] [mpm_winnt:notice] [pid 2320:tid 592] AH00455: Apache/2.4.3 (Win32) OpenSSL/1.0.1c PHP/5.4.0 configured -- resuming normal operations
[Thu May 16 10:09:54.733664 2013] [mpm_winnt:notice] [pid 2320:tid 592] AH00456: Server built: Aug 18 2012 12:41:37
[Thu May 16 10:09:54.733664 2013] [core:notice] [pid 2320:tid 592] AH00094: Command line: 'C:\\BitNami\\WAMPST~1\\apache2\\bin\\httpd.exe -d C:/BitNami/wampstack/apache2 -f C:\\BitNami\\WAMPST~1\\apache2\\conf\\httpd.conf'
[Thu May 16 10:09:54.764864 2013] [mpm_winnt:notice] [pid 2320:tid 592] AH00418: Parent: Created child process 2800
[Thu May 16 10:09:58.072070 2013] [mpm_winnt:notice] [pid 2800:tid 476] AH00354: Child: Starting 64 worker threads.
[Thu May 16 13:44:06.918062 2013] [core:warn] [pid 2268:tid 592] AH00098: pid file C:/BitNami/wampstack/apache2/logs/httpd.pid overwritten -- Unclean shutdown of previous Apache run?
[Thu May 16 13:44:09.211266 2013] [mpm_winnt:notice] [pid 2268:tid 592] AH00455: Apache/2.4.3 (Win32) OpenSSL/1.0.1c PHP/5.4.0 configured -- resuming normal operations
[Thu May 16 13:44:09.211266 2013] [mpm_winnt:notice] [pid 2268:tid 592] AH00456: Server built: Aug 18 2012 12:41:37
[Thu May 16 13:44:09.211266 2013] [core:notice] [pid 2268:tid 592] AH00094: Command line: 'C:\\BitNami\\WAMPST~1\\apache2\\bin\\httpd.exe -d C:/BitNami/wampstack/apache2 -f C:\\BitNami\\WAMPST~1\\apache2\\conf\\httpd.conf'
[Thu May 16 13:44:09.226866 2013] [mpm_winnt:notice] [pid 2268:tid 592] AH00418: Parent: Created child process 2728
[Thu May 16 13:44:12.378072 2013] [mpm_winnt:notice] [pid 2728:tid 476] AH00354: Child: Starting 64 worker threads.
[Thu May 16 17:52:18.594512 2013] [mpm_winnt:notice] [pid 2268:tid 592] AH00422: Parent: Received shutdown signal -- Shutting down the server.
[Thu May 16 17:52:20.622516 2013] [mpm_winnt:notice] [pid 2728:tid 476] AH00364: Child: All worker threads have exited.
[Thu May 16 17:52:20.809716 2013] [mpm_winnt:notice] [pid 2268:tid 592] AH00430: Parent: Child process exited successfully.
[Thu May 16 21:51:29.565651 2013] [mpm_winnt:notice] [pid 2348:tid 592] AH00455: Apache/2.4.3 (Win32) OpenSSL/1.0.1c PHP/5.4.0 configured -- resuming normal operations
[Thu May 16 21:51:29.643651 2013] [mpm_winnt:notice] [pid 2348:tid 592] AH00456: Server built: Aug 18 2012 12:41:37
[Thu May 16 21:51:29.643651 2013] [core:notice] [pid 2348:tid 592] AH00094: Command line: 'C:\\BitNami\\WAMPST~1\\apache2\\bin\\httpd.exe -d C:/BitNami/wampstack/apache2 -f C:\\BitNami\\WAMPST~1\\apache2\\conf\\httpd.conf'
[Thu May 16 21:51:29.643651 2013] [mpm_winnt:notice] [pid 2348:tid 592] AH00418: Parent: Created child process 3060
[Thu May 16 21:51:33.356457 2013] [mpm_winnt:notice] [pid 3060:tid 476] AH00354: Child: Starting 64 worker threads.
[Fri May 17 08:52:19.985473 2013] [mpm_winnt:notice] [pid 2348:tid 592] AH00422: Parent: Received shutdown signal -- Shutting down the server.
[Fri May 17 08:52:24.228681 2013] [mpm_winnt:notice] [pid 3060:tid 476] AH00364: Child: All worker threads have exited.
[Fri May 17 10:52:07.041264 2013] [core:warn] [pid 2372:tid 592] AH00098: pid file C:/BitNami/wampstack/apache2/logs/httpd.pid overwritten -- Unclean shutdown of previous Apache run?
[Fri May 17 10:52:09.942869 2013] [mpm_winnt:notice] [pid 2372:tid 592] AH00455: Apache/2.4.3 (Win32) OpenSSL/1.0.1c PHP/5.4.0 configured -- resuming normal operations
[Fri May 17 10:52:09.942869 2013] [mpm_winnt:notice] [pid 2372:tid 592] AH00456: Server built: Aug 18 2012 12:41:37
[Fri May 17 10:52:09.942869 2013] [core:notice] [pid 2372:tid 592] AH00094: Command line: 'C:\\BitNami\\WAMPST~1\\apache2\\bin\\httpd.exe -d C:/BitNami/wampstack/apache2 -f C:\\BitNami\\WAMPST~1\\apache2\\conf\\httpd.conf'
[Fri May 17 10:52:09.974070 2013] [mpm_winnt:notice] [pid 2372:tid 592] AH00418: Parent: Created child process 2840
[Fri May 17 10:52:13.031675 2013] [mpm_winnt:notice] [pid 2840:tid 476] AH00354: Child: Starting 64 worker threads.
[Fri May 17 18:48:05.750110 2013] [mpm_winnt:notice] [pid 2372:tid 592] AH00422: Parent: Received shutdown signal -- Shutting down the server.
[Fri May 17 18:48:09.416116 2013] [mpm_winnt:notice] [pid 2840:tid 476] AH00364: Child: All worker threads have exited.
[Fri May 17 21:53:55.133266 2013] [core:warn] [pid 2696:tid 784] AH00098: pid file C:/BitNami/wampstack/apache2/logs/httpd.pid overwritten -- Unclean shutdown of previous Apache run?
[Fri May 17 21:53:56.443669 2013] [mpm_winnt:notice] [pid 2696:tid 784] AH00455: Apache/2.4.3 (Win32) OpenSSL/1.0.1c PHP/5.4.0 configured -- resuming normal operations
[Fri May 17 21:53:56.443669 2013] [mpm_winnt:notice] [pid 2696:tid 784] AH00456: Server built: Aug 18 2012 12:41:37
[Fri May 17 21:53:56.443669 2013] [core:notice] [pid 2696:tid 784] AH00094: Command line: 'C:\\BitNami\\WAMPST~1\\apache2\\bin\\httpd.exe -d C:/BitNami/wampstack/apache2 -f C:\\BitNami\\WAMPST~1\\apache2\\conf\\httpd.conf'
[Fri May 17 21:53:56.459269 2013] [mpm_winnt:notice] [pid 2696:tid 784] AH00418: Parent: Created child process 3296
[Fri May 17 21:53:59.672874 2013] [mpm_winnt:notice] [pid 3296:tid 668] AH00354: Child: Starting 64 worker threads.
[Sat May 18 10:59:11.575329 2013] [mpm_winnt:notice] [pid 2696:tid 784] AH00422: Parent: Received shutdown signal -- Shutting down the server.
[Sat May 18 10:59:14.742135 2013] [mpm_winnt:notice] [pid 3296:tid 668] AH00364: Child: All worker threads have exited.
[Sat May 18 10:59:30.201762 2013] [mpm_winnt:notice] [pid 2696:tid 784] AH00430: Parent: Child process exited successfully.
[Sat May 18 13:54:39.380062 2013] [mpm_winnt:notice] [pid 2356:tid 592] AH00455: Apache/2.4.3 (Win32) OpenSSL/1.0.1c PHP/5.4.0 configured -- resuming normal operations
[Sat May 18 13:54:39.395662 2013] [mpm_winnt:notice] [pid 2356:tid 592] AH00456: Server built: Aug 18 2012 12:41:37
[Sat May 18 13:54:39.395662 2013] [core:notice] [pid 2356:tid 592] AH00094: Command line: 'C:\\BitNami\\WAMPST~1\\apache2\\bin\\httpd.exe -d C:/BitNami/wampstack/apache2 -f C:\\BitNami\\WAMPST~1\\apache2\\conf\\httpd.conf'
[Sat May 18 13:54:39.411262 2013] [mpm_winnt:notice] [pid 2356:tid 592] AH00418: Parent: Created child process 2828
[Sat May 18 13:54:42.734068 2013] [mpm_winnt:notice] [pid 2828:tid 476] AH00354: Child: Starting 64 worker threads.
[Sat May 18 14:54:53.034461 2013] [core:warn] [pid 2352:tid 592] AH00098: pid file C:/BitNami/wampstack/apache2/logs/httpd.pid overwritten -- Unclean shutdown of previous Apache run?
[Sat May 18 14:54:57.168468 2013] [mpm_winnt:notice] [pid 2352:tid 592] AH00455: Apache/2.4.3 (Win32) OpenSSL/1.0.1c PHP/5.4.0 configured -- resuming normal operations
[Sat May 18 14:54:57.168468 2013] [mpm_winnt:notice] [pid 2352:tid 592] AH00456: Server built: Aug 18 2012 12:41:37
[Sat May 18 14:54:57.168468 2013] [core:notice] [pid 2352:tid 592] AH00094: Command line: 'C:\\BitNami\\WAMPST~1\\apache2\\bin\\httpd.exe -d C:/BitNami/wampstack/apache2 -f C:\\BitNami\\WAMPST~1\\apache2\\conf\\httpd.conf'
[Sat May 18 14:54:57.168468 2013] [mpm_winnt:notice] [pid 2352:tid 592] AH00418: Parent: Created child process 2788
[Sat May 18 14:55:00.257274 2013] [mpm_winnt:notice] [pid 2788:tid 476] AH00354: Child: Starting 64 worker threads.
[Sat May 18 20:00:23.637751 2013] [mpm_winnt:notice] [pid 2352:tid 592] AH00422: Parent: Received shutdown signal -- Shutting down the server.
[Sat May 18 20:00:26.461356 2013] [mpm_winnt:notice] [pid 2788:tid 476] AH00364: Child: All worker threads have exited.
[Sat May 18 20:00:37.506175 2013] [mpm_winnt:notice] [pid 2352:tid 592] AH00430: Parent: Child process exited successfully.
[Sun May 19 04:51:56.565260 2013] [mpm_winnt:notice] [pid 2312:tid 592] AH00455: Apache/2.4.3 (Win32) OpenSSL/1.0.1c PHP/5.4.0 configured -- resuming normal operations
[Sun May 19 04:51:56.580860 2013] [mpm_winnt:notice] [pid 2312:tid 592] AH00456: Server built: Aug 18 2012 12:41:37
[Sun May 19 04:51:56.580860 2013] [core:notice] [pid 2312:tid 592] AH00094: Command line: 'C:\\BitNami\\WAMPST~1\\apache2\\bin\\httpd.exe -d C:/BitNami/wampstack/apache2 -f C:\\BitNami\\WAMPST~1\\apache2\\conf\\httpd.conf'
[Sun May 19 04:51:56.596460 2013] [mpm_winnt:notice] [pid 2312:tid 592] AH00418: Parent: Created child process 2800
[Sun May 19 04:51:59.888066 2013] [mpm_winnt:notice] [pid 2800:tid 476] AH00354: Child: Starting 64 worker threads.
[Sun May 19 10:16:41.350329 2013] [mpm_winnt:notice] [pid 2312:tid 592] AH00422: Parent: Received shutdown signal -- Shutting down the server.
[Sun May 19 10:16:47.449940 2013] [mpm_winnt:notice] [pid 2800:tid 476] AH00364: Child: All worker threads have exited.
[Sun May 19 10:17:01.411964 2013] [mpm_winnt:notice] [pid 2312:tid 592] AH00430: Parent: Child process exited successfully.
[Sun May 19 14:06:13.483662 2013] [mpm_winnt:notice] [pid 2324:tid 592] AH00455: Apache/2.4.3 (Win32) OpenSSL/1.0.1c PHP/5.4.0 configured -- resuming normal operations
[Sun May 19 14:06:13.514862 2013] [mpm_winnt:notice] [pid 2324:tid 592] AH00456: Server built: Aug 18 2012 12:41:37
[Sun May 19 14:06:13.514862 2013] [core:notice] [pid 2324:tid 592] AH00094: Command line: 'C:\\BitNami\\WAMPST~1\\apache2\\bin\\httpd.exe -d C:/BitNami/wampstack/apache2 -f C:\\BitNami\\WAMPST~1\\apache2\\conf\\httpd.conf'
[Sun May 19 14:06:13.514862 2013] [mpm_winnt:notice] [pid 2324:tid 592] AH00418: Parent: Created child process 2784
[Sun May 19 14:06:16.759668 2013] [mpm_winnt:notice] [pid 2784:tid 476] AH00354: Child: Starting 64 worker threads.
[Sun May 19 20:39:29.927767 2013] [mpm_winnt:notice] [pid 2324:tid 592] AH00422: Parent: Received shutdown signal -- Shutting down the server.
[Sun May 19 20:39:38.570183 2013] [mpm_winnt:notice] [pid 2784:tid 476] AH00364: Child: All worker threads have exited.
[Sun May 19 20:41:46.198863 2013] [core:warn] [pid 2680:tid 592] AH00098: pid file C:/BitNami/wampstack/apache2/logs/httpd.pid overwritten -- Unclean shutdown of previous Apache run?
[Sun May 19 20:41:47.930466 2013] [mpm_winnt:notice] [pid 2680:tid 592] AH00455: Apache/2.4.3 (Win32) OpenSSL/1.0.1c PHP/5.4.0 configured -- resuming normal operations
[Sun May 19 20:41:47.930466 2013] [mpm_winnt:notice] [pid 2680:tid 592] AH00456: Server built: Aug 18 2012 12:41:37
[Sun May 19 20:41:47.930466 2013] [core:notice] [pid 2680:tid 592] AH00094: Command line: 'C:\\BitNami\\WAMPST~1\\apache2\\bin\\httpd.exe -d C:/BitNami/wampstack/apache2 -f C:\\BitNami\\WAMPST~1\\apache2\\conf\\httpd.conf'
[Sun May 19 20:41:47.930466 2013] [mpm_winnt:notice] [pid 2680:tid 592] AH00418: Parent: Created child process 3268
[Sun May 19 20:41:51.081671 2013] [mpm_winnt:notice] [pid 3268:tid 476] AH00354: Child: Starting 64 worker threads.
[Mon May 20 15:01:38.601267 2013] [core:warn] [pid 2728:tid 592] AH00098: pid file C:/BitNami/wampstack/apache2/logs/httpd.pid overwritten -- Unclean shutdown of previous Apache run?
[Mon May 20 15:01:43.156475 2013] [mpm_winnt:notice] [pid 2728:tid 592] AH00455: Apache/2.4.3 (Win32) OpenSSL/1.0.1c PHP/5.4.0 configured -- resuming normal operations
[Mon May 20 15:01:43.156475 2013] [mpm_winnt:notice] [pid 2728:tid 592] AH00456: Server built: Aug 18 2012 12:41:37
[Mon May 20 15:01:43.156475 2013] [core:notice] [pid 2728:tid 592] AH00094: Command line: 'C:\\BitNami\\WAMPST~1\\apache2\\bin\\httpd.exe -d C:/BitNami/wampstack/apache2 -f C:\\BitNami\\WAMPST~1\\apache2\\conf\\httpd.conf'
[Mon May 20 15:01:43.172075 2013] [mpm_winnt:notice] [pid 2728:tid 592] AH00418: Parent: Created child process 3284
[Mon May 20 15:01:46.560881 2013] [mpm_winnt:notice] [pid 3284:tid 476] AH00354: Child: Starting 64 worker threads.
[Mon May 20 16:36:03.188067 2013] [core:warn] [pid 2320:tid 592] AH00098: pid file C:/BitNami/wampstack/apache2/logs/httpd.pid overwritten -- Unclean shutdown of previous Apache run?
[Mon May 20 16:36:06.183272 2013] [mpm_winnt:notice] [pid 2320:tid 592] AH00455: Apache/2.4.3 (Win32) OpenSSL/1.0.1c PHP/5.4.0 configured -- resuming normal operations
[Mon May 20 16:36:06.183272 2013] [mpm_winnt:notice] [pid 2320:tid 592] AH00456: Server built: Aug 18 2012 12:41:37
[Mon May 20 16:36:06.183272 2013] [core:notice] [pid 2320:tid 592] AH00094: Command line: 'C:\\BitNami\\WAMPST~1\\apache2\\bin\\httpd.exe -d C:/BitNami/wampstack/apache2 -f C:\\BitNami\\WAMPST~1\\apache2\\conf\\httpd.conf'
[Mon May 20 16:36:06.198872 2013] [mpm_winnt:notice] [pid 2320:tid 592] AH00418: Parent: Created child process 3256
[Mon May 20 16:36:09.178477 2013] [mpm_winnt:notice] [pid 3256:tid 476] AH00354: Child: Starting 64 worker threads.
[Mon May 20 21:50:33.980472 2013] [core:warn] [pid 2636:tid 592] AH00098: pid file C:/BitNami/wampstack/apache2/logs/httpd.pid overwritten -- Unclean shutdown of previous Apache run?
[Mon May 20 21:50:40.875685 2013] [mpm_winnt:notice] [pid 2636:tid 592] AH00455: Apache/2.4.3 (Win32) OpenSSL/1.0.1c PHP/5.4.0 configured -- resuming normal operations
[Mon May 20 21:50:40.875685 2013] [mpm_winnt:notice] [pid 2636:tid 592] AH00456: Server built: Aug 18 2012 12:41:37
[Mon May 20 21:50:40.875685 2013] [core:notice] [pid 2636:tid 592] AH00094: Command line: 'C:\\BitNami\\WAMPST~1\\apache2\\bin\\httpd.exe -d C:/BitNami/wampstack/apache2 -f C:\\BitNami\\WAMPST~1\\apache2\\conf\\httpd.conf'
[Mon May 20 21:50:40.906885 2013] [mpm_winnt:notice] [pid 2636:tid 592] AH00418: Parent: Created child process 3436
[Mon May 20 21:50:44.354491 2013] [mpm_winnt:notice] [pid 3436:tid 476] AH00354: Child: Starting 64 worker threads.
[Tue May 21 15:14:21.593264 2013] [core:warn] [pid 2392:tid 592] AH00098: pid file C:/BitNami/wampstack/apache2/logs/httpd.pid overwritten -- Unclean shutdown of previous Apache run?
[Tue May 21 15:14:22.997266 2013] [mpm_winnt:notice] [pid 2392:tid 592] AH00455: Apache/2.4.3 (Win32) OpenSSL/1.0.1c PHP/5.4.0 configured -- resuming normal operations
[Tue May 21 15:14:22.997266 2013] [mpm_winnt:notice] [pid 2392:tid 592] AH00456: Server built: Aug 18 2012 12:41:37
[Tue May 21 15:14:22.997266 2013] [core:notice] [pid 2392:tid 592] AH00094: Command line: 'C:\\BitNami\\WAMPST~1\\apache2\\bin\\httpd.exe -d C:/BitNami/wampstack/apache2 -f C:\\BitNami\\WAMPST~1\\apache2\\conf\\httpd.conf'
[Tue May 21 15:14:22.997266 2013] [mpm_winnt:notice] [pid 2392:tid 592] AH00418: Parent: Created child process 2800
[Tue May 21 15:14:26.179672 2013] [mpm_winnt:notice] [pid 2800:tid 476] AH00354: Child: Starting 64 worker threads.
[Fri May 24 08:36:02.774071 2013] [core:warn] [pid 2332:tid 592] AH00098: pid file C:/BitNami/wampstack/apache2/logs/httpd.pid overwritten -- Unclean shutdown of previous Apache run?
[Fri May 24 08:36:04.209273 2013] [mpm_winnt:notice] [pid 2332:tid 592] AH00455: Apache/2.4.3 (Win32) OpenSSL/1.0.1c PHP/5.4.0 configured -- resuming normal operations
[Fri May 24 08:36:04.209273 2013] [mpm_winnt:notice] [pid 2332:tid 592] AH00456: Server built: Aug 18 2012 12:41:37
[Fri May 24 08:36:04.209273 2013] [core:notice] [pid 2332:tid 592] AH00094: Command line: 'C:\\BitNami\\WAMPST~1\\apache2\\bin\\httpd.exe -d C:/BitNami/wampstack/apache2 -f C:\\BitNami\\WAMPST~1\\apache2\\conf\\httpd.conf'
[Fri May 24 08:36:04.224873 2013] [mpm_winnt:notice] [pid 2332:tid 592] AH00418: Parent: Created child process 3396
[Fri May 24 08:36:07.515279 2013] [mpm_winnt:notice] [pid 3396:tid 672] AH00354: Child: Starting 64 worker threads.
[Fri May 24 11:33:47.075146 2013] [mpm_winnt:notice] [pid 2332:tid 592] AH00422: Parent: Received shutdown signal -- Shutting down the server.
[Fri May 24 11:33:49.548287 2013] [mpm_winnt:notice] [pid 3396:tid 672] AH00364: Child: All worker threads have exited.
[Fri May 24 11:33:54.020543 2013] [mpm_winnt:notice] [pid 2332:tid 592] AH00430: Parent: Child process exited successfully.
[Mon May 27 00:36:19.538455 2013] [mpm_winnt:notice] [pid 6168:tid 692] AH00455: Apache/2.4.3 (Win32) OpenSSL/1.0.1c PHP/5.4.0 configured -- resuming normal operations
[Mon May 27 00:36:19.568456 2013] [mpm_winnt:notice] [pid 6168:tid 692] AH00456: Server built: Aug 18 2012 12:41:37
[Mon May 27 00:36:19.568456 2013] [core:notice] [pid 6168:tid 692] AH00094: Command line: 'c:\\BitNami\\wampstack\\apache2\\bin\\httpd.exe -d C:/BitNami/wampstack/apache2'
[Mon May 27 00:36:19.587458 2013] [mpm_winnt:notice] [pid 6168:tid 692] AH00418: Parent: Created child process 9940
Apache server shutdown initiated...
pm_winnt:notice] [pid 9940:tid 704] AH00354: Child: Starting 64 worker threads.
[Mon May 27 00:36:54.419450 2013] [mpm_winnt:notice] [pid 6168:tid 692] AH00422: Parent: Received shutdown signal -- Shutting down the server.
[Mon May 27 00:36:56.420564 2013] [mpm_winnt:notice] [pid 9940:tid 704] AH00364: Child: All worker threads have exited.
[Mon May 27 00:36:56.518570 2013] [mpm_winnt:notice] [pid 6168:tid 692] AH00430: Parent: Child process exited successfully.
[Mon May 27 00:37:00.520799 2013] [mpm_winnt:notice] [pid 8776:tid 784] AH00455: Apache/2.4.3 (Win32) OpenSSL/1.0.1c PHP/5.4.0 configured -- resuming normal operations
[Mon May 27 00:37:00.521799 2013] [mpm_winnt:notice] [pid 8776:tid 784] AH00456: Server built: Aug 18 2012 12:41:37
[Mon May 27 00:37:00.521799 2013] [core:notice] [pid 8776:tid 784] AH00094: Command line: 'C:\\BitNami\\WAMPST~1\\apache2\\bin\\httpd.exe -d C:/BitNami/wampstack/apache2 -f C:\\BitNami\\WAMPST~1\\apache2\\conf\\httpd.conf'
[Mon May 27 00:37:00.529799 2013] [mpm_winnt:notice] [pid 8776:tid 784] AH00418: Parent: Created child process 9932
[Mon May 27 00:37:03.430965 2013] [mpm_winnt:notice] [pid 9932:tid 668] AH00354: Child: Starting 64 worker threads.
[Mon May 27 12:06:11.519941 2013] [mpm_winnt:notice] [pid 8776:tid 784] AH00422: Parent: Received shutdown signal -- Shutting down the server.
[Mon May 27 12:06:13.815072 2013] [mpm_winnt:notice] [pid 9932:tid 668] AH00364: Child: All worker threads have exited.
[Mon May 27 12:06:20.829473 2013] [mpm_winnt:notice] [pid 8776:tid 784] AH00430: Parent: Child process exited successfully.
[Mon May 27 12:47:30.966757 2013] [mpm_winnt:notice] [pid 8104:tid 784] AH00455: Apache/2.4.3 (Win32) OpenSSL/1.0.1c PHP/5.4.0 configured -- resuming normal operations
[Mon May 27 12:47:31.011759 2013] [mpm_winnt:notice] [pid 8104:tid 784] AH00456: Server built: Aug 18 2012 12:41:37
[Mon May 27 12:47:31.011759 2013] [core:notice] [pid 8104:tid 784] AH00094: Command line: 'C:\\BitNami\\WAMPST~1\\apache2\\bin\\httpd.exe -d C:/BitNami/wampstack/apache2 -f C:\\BitNami\\WAMPST~1\\apache2\\conf\\httpd.conf'
[Mon May 27 12:47:31.056762 2013] [mpm_winnt:notice] [pid 8104:tid 784] AH00418: Parent: Created child process 10092
[Mon May 27 12:47:35.070992 2013] [mpm_winnt:notice] [pid 10092:tid 668] AH00354: Child: Starting 64 worker threads.
[Mon May 27 13:14:45.135226 2013] [mpm_winnt:notice] [pid 8104:tid 784] AH00422: Parent: Received shutdown signal -- Shutting down the server.
[Mon May 27 13:14:47.136340 2013] [mpm_winnt:notice] [pid 10092:tid 668] AH00364: Child: All worker threads have exited.
[Mon May 27 13:14:47.222345 2013] [mpm_winnt:notice] [pid 8104:tid 784] AH00430: Parent: Child process exited successfully.
[Sat Jun 08 17:00:40.858314 2013] [mpm_winnt:notice] [pid 6104:tid 392] AH00455: Apache/2.4.3 (Win32) OpenSSL/1.0.1c PHP/5.4.0 configured -- resuming normal operations
[Sat Jun 08 17:00:40.877315 2013] [mpm_winnt:notice] [pid 6104:tid 392] AH00456: Server built: Aug 18 2012 12:41:37
[Sat Jun 08 17:00:40.877315 2013] [core:notice] [pid 6104:tid 392] AH00094: Command line: 'C:\\BitNami\\WAMPST~1\\apache2\\bin\\httpd.exe -d C:/BitNami/wampstack/apache2 -f C:\\BitNami\\WAMPST~1\\apache2\\conf\\httpd.conf'
[Sat Jun 08 17:00:40.897316 2013] [mpm_winnt:notice] [pid 6104:tid 392] AH00418: Parent: Created child process 1380
[Sat Jun 08 17:00:42.401402 2013] [mpm_winnt:notice] [pid 1380:tid 288] AH00354: Child: Starting 64 worker threads.
[Sun Jun 09 01:24:27.972032 2013] [mpm_winnt:notice] [pid 6104:tid 392] AH00422: Parent: Received shutdown signal -- Shutting down the server.
[Sun Jun 09 01:24:30.359169 2013] [mpm_winnt:notice] [pid 1380:tid 288] AH00364: Child: All worker threads have exited.
[Sun Jun 09 01:24:39.797708 2013] [mpm_winnt:notice] [pid 6104:tid 392] AH00430: Parent: Child process exited successfully.
[Sun Jun 09 11:47:30.319248 2013] [mpm_winnt:notice] [pid 664:tid 392] AH00455: Apache/2.4.3 (Win32) OpenSSL/1.0.1c PHP/5.4.0 configured -- resuming normal operations
[Sun Jun 09 11:47:30.366048 2013] [mpm_winnt:notice] [pid 664:tid 392] AH00456: Server built: Aug 18 2012 12:41:37
[Sun Jun 09 11:47:30.366048 2013] [core:notice] [pid 664:tid 392] AH00094: Command line: 'C:\\BitNami\\WAMPST~1\\apache2\\bin\\httpd.exe -d C:/BitNami/wampstack/apache2 -f C:\\BitNami\\WAMPST~1\\apache2\\conf\\httpd.conf'
[Sun Jun 09 11:47:30.490848 2013] [mpm_winnt:notice] [pid 664:tid 392] AH00418: Parent: Created child process 2964
[Sun Jun 09 11:47:34.578262 2013] [mpm_winnt:notice] [pid 2964:tid 288] AH00354: Child: Starting 64 worker threads.
[Sun Jun 09 17:59:36.892049 2013] [core:warn] [pid 416:tid 392] AH00098: pid file C:/BitNami/wampstack/apache2/logs/httpd.pid overwritten -- Unclean shutdown of previous Apache run?
[Sun Jun 09 17:59:40.729656 2013] [mpm_winnt:notice] [pid 416:tid 392] AH00455: Apache/2.4.3 (Win32) OpenSSL/1.0.1c PHP/5.4.0 configured -- resuming normal operations
[Sun Jun 09 17:59:40.729656 2013] [mpm_winnt:notice] [pid 416:tid 392] AH00456: Server built: Aug 18 2012 12:41:37
[Sun Jun 09 17:59:40.729656 2013] [core:notice] [pid 416:tid 392] AH00094: Command line: 'C:\\BitNami\\WAMPST~1\\apache2\\bin\\httpd.exe -d C:/BitNami/wampstack/apache2 -f C:\\BitNami\\WAMPST~1\\apache2\\conf\\httpd.conf'
[Sun Jun 09 17:59:40.760856 2013] [mpm_winnt:notice] [pid 416:tid 392] AH00418: Parent: Created child process 2808
[Sun Jun 09 17:59:48.342469 2013] [mpm_winnt:notice] [pid 2808:tid 288] AH00354: Child: Starting 64 worker threads.
[Sun Jun 09 20:25:35.506846 2013] [core:warn] [pid 284:tid 392] AH00098: pid file C:/BitNami/wampstack/apache2/logs/httpd.pid overwritten -- Unclean shutdown of previous Apache run?
[Sun Jun 09 20:25:39.438053 2013] [mpm_winnt:notice] [pid 284:tid 392] AH00455: Apache/2.4.3 (Win32) OpenSSL/1.0.1c PHP/5.4.0 configured -- resuming normal operations
[Sun Jun 09 20:25:39.438053 2013] [mpm_winnt:notice] [pid 284:tid 392] AH00456: Server built: Aug 18 2012 12:41:37
[Sun Jun 09 20:25:39.438053 2013] [core:notice] [pid 284:tid 392] AH00094: Command line: 'C:\\BitNami\\WAMPST~1\\apache2\\bin\\httpd.exe -d C:/BitNami/wampstack/apache2 -f C:\\BitNami\\WAMPST~1\\apache2\\conf\\httpd.conf'
[Sun Jun 09 20:25:40.483255 2013] [mpm_winnt:notice] [pid 284:tid 392] AH00418: Parent: Created child process 2948
[Sun Jun 09 20:25:45.069663 2013] [mpm_winnt:notice] [pid 2948:tid 288] AH00354: Child: Starting 64 worker threads.
